<?xml version="1.0" encoding="UTF-8"?>
<coverage generated="1742413157070" clover="3.2.0">
  <project timestamp="1742413157070" name="All files">
    <metrics statements="184" coveredstatements="174" conditionals="54" coveredconditionals="47" methods="63" coveredmethods="63" elements="301" coveredelements="284" complexity="0" loc="184" ncloc="184" packages="4" files="10" classes="10"/>
    <package name="js">
      <metrics statements="36" coveredstatements="36" conditionals="0" coveredconditionals="0" methods="21" coveredmethods="21"/>
      <file name="constants.js" path="/home/rolo/Personal/Proyecto-Cenfotec/Proyecto1/Front-End/assets/js/constants.js">
        <metrics statements="33" coveredstatements="33" conditionals="0" coveredconditionals="0" methods="20" coveredmethods="20"/>
        <line num="1" count="6" type="stmt"/>
        <line num="11" count="6" type="stmt"/>
        <line num="22" count="6" type="stmt"/>
        <line num="32" count="6" type="stmt"/>
        <line num="41" count="6" type="stmt"/>
        <line num="55" count="6" type="stmt"/>
        <line num="76" count="6" type="stmt"/>
        <line num="97" count="6" type="stmt"/>
        <line num="129" count="6" type="stmt"/>
        <line num="152" count="6" type="stmt"/>
        <line num="154" count="1" type="stmt"/>
        <line num="157" count="1" type="stmt"/>
        <line num="160" count="1" type="stmt"/>
        <line num="163" count="1" type="stmt"/>
        <line num="166" count="1" type="stmt"/>
        <line num="170" count="6" type="stmt"/>
        <line num="172" count="1" type="stmt"/>
        <line num="175" count="1" type="stmt"/>
        <line num="178" count="1" type="stmt"/>
        <line num="181" count="1" type="stmt"/>
        <line num="184" count="1" type="stmt"/>
        <line num="188" count="6" type="stmt"/>
        <line num="190" count="1" type="stmt"/>
        <line num="193" count="1" type="stmt"/>
        <line num="196" count="1" type="stmt"/>
        <line num="199" count="1" type="stmt"/>
        <line num="202" count="1" type="stmt"/>
        <line num="206" count="6" type="stmt"/>
        <line num="208" count="9" type="stmt"/>
        <line num="211" count="9" type="stmt"/>
        <line num="214" count="9" type="stmt"/>
        <line num="217" count="9" type="stmt"/>
        <line num="220" count="9" type="stmt"/>
      </file>
      <file name="main.js" path="/home/rolo/Personal/Proyecto-Cenfotec/Proyecto1/Front-End/assets/js/main.js">
        <metrics statements="3" coveredstatements="3" conditionals="0" coveredconditionals="0" methods="1" coveredmethods="1"/>
        <line num="3" count="1" type="stmt"/>
        <line num="4" count="1" type="stmt"/>
        <line num="5" count="1" type="stmt"/>
      </file>
    </package>
    <package name="js.classes">
      <metrics statements="101" coveredstatements="94" conditionals="48" coveredconditionals="42" methods="28" coveredmethods="28"/>
      <file name="App.js" path="/home/rolo/Personal/Proyecto-Cenfotec/Proyecto1/Front-End/assets/js/classes/App.js">
        <metrics statements="27" coveredstatements="22" conditionals="8" coveredconditionals="4" methods="8" coveredmethods="8"/>
        <line num="9" count="5" type="stmt"/>
        <line num="10" count="5" type="stmt"/>
        <line num="11" count="5" type="stmt"/>
        <line num="12" count="5" type="stmt"/>
        <line num="13" count="5" type="stmt"/>
        <line num="14" count="5" type="stmt"/>
        <line num="18" count="5" type="stmt"/>
        <line num="25" count="5" type="stmt"/>
        <line num="26" count="5" type="stmt"/>
        <line num="30" count="5" type="stmt"/>
        <line num="31" count="5" type="stmt"/>
        <line num="35" count="5" type="stmt"/>
        <line num="36" count="5" type="cond" truecount="2" falsecount="0"/>
        <line num="37" count="2" type="stmt"/>
        <line num="38" count="3" type="cond" truecount="1" falsecount="1"/>
        <line num="39" count="3" type="stmt"/>
        <line num="42" count="0" type="stmt"/>
        <line num="47" count="4" type="stmt"/>
        <line num="48" count="4" type="cond" truecount="1" falsecount="1"/>
        <line num="55" count="0" type="stmt"/>
        <line num="56" count="0" type="cond" truecount="0" falsecount="2"/>
        <line num="57" count="0" type="stmt"/>
        <line num="61" count="0" type="stmt"/>
        <line num="66" count="5" type="stmt"/>
        <line num="67" count="5" type="stmt"/>
        <line num="68" count="5" type="stmt"/>
        <line num="69" count="5" type="stmt"/>
      </file>
      <file name="ContentManager.js" path="/home/rolo/Personal/Proyecto-Cenfotec/Proyecto1/Front-End/assets/js/classes/ContentManager.js">
        <metrics statements="37" coveredstatements="36" conditionals="16" coveredconditionals="16" methods="8" coveredmethods="8"/>
        <line num="15" count="14" type="stmt"/>
        <line num="16" count="14" type="stmt"/>
        <line num="43" count="14" type="stmt"/>
        <line num="47" count="27" type="stmt"/>
        <line num="51" count="27" type="stmt"/>
        <line num="52" count="27" type="stmt"/>
        <line num="53" count="27" type="cond" truecount="2" falsecount="0"/>
        <line num="54" count="18" type="stmt"/>
        <line num="55" count="18" type="stmt"/>
        <line num="56" count="18" type="stmt"/>
        <line num="58" count="18" type="cond" truecount="4" falsecount="0"/>
        <line num="63" count="18" type="cond" truecount="2" falsecount="0"/>
        <line num="64" count="13" type="cond" truecount="2" falsecount="0"/>
        <line num="65" count="7" type="stmt"/>
        <line num="67" count="6" type="stmt"/>
        <line num="72" count="5" type="stmt"/>
        <line num="76" count="0" type="stmt"/>
        <line num="82" count="9" type="stmt"/>
        <line num="83" count="11" type="stmt"/>
        <line num="85" count="9" type="cond" truecount="2" falsecount="0"/>
        <line num="86" count="8" type="stmt"/>
        <line num="87" count="8" type="stmt"/>
        <line num="88" count="8" type="stmt"/>
        <line num="89" count="8" type="stmt"/>
        <line num="90" count="8" type="stmt"/>
        <line num="91" count="8" type="stmt"/>
        <line num="93" count="1" type="stmt"/>
        <line num="98" count="23" type="stmt"/>
        <line num="99" count="23" type="cond" truecount="2" falsecount="0"/>
        <line num="100" count="1" type="stmt"/>
        <line num="101" count="1" type="stmt"/>
        <line num="104" count="22" type="stmt"/>
        <line num="105" count="22" type="stmt"/>
        <line num="106" count="22" type="cond" truecount="2" falsecount="0"/>
        <line num="107" count="5" type="stmt"/>
        <line num="110" count="17" type="stmt"/>
        <line num="112" count="39" type="stmt"/>
      </file>
      <file name="FormManager.js" path="/home/rolo/Personal/Proyecto-Cenfotec/Proyecto1/Front-End/assets/js/classes/FormManager.js">
        <metrics statements="29" coveredstatements="29" conditionals="20" coveredconditionals="18" methods="10" coveredmethods="10"/>
        <line num="3" count="33" type="stmt"/>
        <line num="4" count="33" type="stmt"/>
        <line num="5" count="33" type="stmt"/>
        <line num="6" count="33" type="stmt"/>
        <line num="10" count="33" type="cond" truecount="2" falsecount="0"/>
        <line num="11" count="28" type="stmt"/>
        <line num="12" count="28" type="stmt"/>
        <line num="17" count="9" type="stmt"/>
        <line num="19" count="9" type="stmt"/>
        <line num="20" count="9" type="cond" truecount="2" falsecount="0"/>
        <line num="21" count="6" type="stmt"/>
        <line num="26" count="9" type="stmt"/>
        <line num="27" count="9" type="stmt"/>
        <line num="28" count="23" type="stmt"/>
        <line num="32" count="9" type="cond" truecount="2" falsecount="0"/>
        <line num="33" count="7" type="stmt"/>
        <line num="37" count="9" type="stmt"/>
        <line num="41" count="9" type="stmt"/>
        <line num="42" count="17" type="cond" truecount="2" falsecount="0"/>
        <line num="43" count="3" type="stmt"/>
        <line num="50" count="3" type="stmt"/>
        <line num="53" count="6" type="stmt"/>
        <line num="57" count="6" type="stmt"/>
        <line num="67" count="6" type="cond" truecount="1" falsecount="1"/>
        <line num="68" count="6" type="stmt"/>
        <line num="74" count="6" type="cond" truecount="2" falsecount="0"/>
        <line num="75" count="5" type="stmt"/>
        <line num="78" count="6" type="stmt"/>
        <line num="86" count="6" type="stmt"/>
      </file>
      <file name="SectionManager.js" path="/home/rolo/Personal/Proyecto-Cenfotec/Proyecto1/Front-End/assets/js/classes/SectionManager.js">
        <metrics statements="8" coveredstatements="7" conditionals="4" coveredconditionals="4" methods="2" coveredmethods="2"/>
        <line num="3" count="15" type="stmt"/>
        <line num="4" count="15" type="stmt"/>
        <line num="5" count="15" type="cond" truecount="2" falsecount="0"/>
        <line num="6" count="6" type="stmt"/>
        <line num="7" count="6" type="stmt"/>
        <line num="8" count="2" type="cond" truecount="2" falsecount="0"/>
        <line num="11" count="9" type="stmt"/>
        <line num="14" count="0" type="stmt"/>
      </file>
    </package>
    <package name="js.forms">
      <metrics statements="41" coveredstatements="38" conditionals="6" coveredconditionals="5" methods="11" coveredmethods="11"/>
      <file name="CommentForm.js" path="/home/rolo/Personal/Proyecto-Cenfotec/Proyecto1/Front-End/assets/js/forms/CommentForm.js">
        <metrics statements="15" coveredstatements="12" conditionals="2" coveredconditionals="1" methods="3" coveredmethods="3"/>
        <line num="5" count="16" type="stmt"/>
        <line num="17" count="1" type="stmt"/>
        <line num="18" count="1" type="stmt"/>
        <line num="25" count="1" type="stmt"/>
        <line num="27" count="0" type="stmt"/>
        <line num="28" count="0" type="stmt"/>
        <line num="37" count="16" type="stmt"/>
        <line num="38" count="16" type="stmt"/>
        <line num="42" count="1" type="stmt"/>
        <line num="43" count="1" type="stmt"/>
        <line num="44" count="1" type="stmt"/>
        <line num="56" count="1" type="stmt"/>
        <line num="57" count="1" type="cond" truecount="1" falsecount="1"/>
        <line num="58" count="1" type="stmt"/>
        <line num="60" count="0" type="stmt"/>
      </file>
      <file name="ComplaintForm.js" path="/home/rolo/Personal/Proyecto-Cenfotec/Proyecto1/Front-End/assets/js/forms/ComplaintForm.js">
        <metrics statements="13" coveredstatements="13" conditionals="2" coveredconditionals="2" methods="4" coveredmethods="4"/>
        <line num="6" count="8" type="stmt"/>
        <line num="34" count="2" type="stmt"/>
        <line num="35" count="2" type="stmt"/>
        <line num="48" count="2" type="stmt"/>
        <line num="51" count="2" type="cond" truecount="2" falsecount="0"/>
        <line num="52" count="1" type="stmt"/>
        <line num="53" count="1" type="stmt"/>
        <line num="54" count="1" type="stmt"/>
        <line num="55" count="1" type="stmt"/>
        <line num="57" count="1" type="stmt"/>
        <line num="59" count="1" type="stmt"/>
        <line num="60" count="1" type="stmt"/>
        <line num="65" count="8" type="stmt"/>
      </file>
      <file name="InitiativeForm.js" path="/home/rolo/Personal/Proyecto-Cenfotec/Proyecto1/Front-End/assets/js/forms/InitiativeForm.js">
        <metrics statements="13" coveredstatements="13" conditionals="2" coveredconditionals="2" methods="4" coveredmethods="4"/>
        <line num="6" count="8" type="stmt"/>
        <line num="34" count="2" type="stmt"/>
        <line num="35" count="2" type="stmt"/>
        <line num="48" count="2" type="stmt"/>
        <line num="51" count="2" type="cond" truecount="2" falsecount="0"/>
        <line num="52" count="1" type="stmt"/>
        <line num="53" count="1" type="stmt"/>
        <line num="54" count="1" type="stmt"/>
        <line num="55" count="1" type="stmt"/>
        <line num="57" count="1" type="stmt"/>
        <line num="59" count="1" type="stmt"/>
        <line num="60" count="1" type="stmt"/>
        <line num="65" count="8" type="stmt"/>
      </file>
    </package>
    <package name="js.utils">
      <metrics statements="6" coveredstatements="6" conditionals="0" coveredconditionals="0" methods="3" coveredmethods="3"/>
      <file name="prettify.js" path="/home/rolo/Personal/Proyecto-Cenfotec/Proyecto1/Front-End/assets/js/utils/prettify.js">
        <metrics statements="6" coveredstatements="6" conditionals="0" coveredconditionals="0" methods="3" coveredmethods="3"/>
        <line num="1" count="4" type="stmt"/>
        <line num="2" count="10" type="stmt"/>
        <line num="4" count="69" type="stmt"/>
        <line num="5" count="28" type="stmt"/>
        <line num="8" count="10" type="stmt"/>
        <line num="13" count="10" type="stmt"/>
      </file>
    </package>
  </project>
</coverage>
