{"/home/rolo/Personal/Proyecto-Cenfotec/Proyecto1/Front-End/assets/js/constants.js": {"path":"/home/rolo/Personal/Proyecto-Cenfotec/Proyecto1/Front-End/assets/js/constants.js","statementMap":{"0":{"start":{"line":1,"column":25},"end":{"line":9,"column":1}},"1":{"start":{"line":11,"column":30},"end":{"line":20,"column":1}},"2":{"start":{"line":22,"column":31},"end":{"line":30,"column":1}},"3":{"start":{"line":32,"column":29},"end":{"line":39,"column":1}},"4":{"start":{"line":41,"column":41},"end":{"line":53,"column":1}},"5":{"start":{"line":55,"column":24},"end":{"line":74,"column":1}},"6":{"start":{"line":76,"column":30},"end":{"line":95,"column":1}},"7":{"start":{"line":97,"column":29},"end":{"line":127,"column":1}},"8":{"start":{"line":129,"column":28},"end":{"line":150,"column":1}},"9":{"start":{"line":152,"column":31},"end":{"line":168,"column":1}},"10":{"start":{"line":154,"column":8},"end":{"line":154,"column":62}},"11":{"start":{"line":157,"column":8},"end":{"line":157,"column":61}},"12":{"start":{"line":160,"column":8},"end":{"line":160,"column":65}},"13":{"start":{"line":163,"column":8},"end":{"line":163,"column":62}},"14":{"start":{"line":166,"column":8},"end":{"line":166,"column":61}},"15":{"start":{"line":170,"column":35},"end":{"line":186,"column":1}},"16":{"start":{"line":172,"column":8},"end":{"line":172,"column":66}},"17":{"start":{"line":175,"column":8},"end":{"line":175,"column":65}},"18":{"start":{"line":178,"column":8},"end":{"line":178,"column":69}},"19":{"start":{"line":181,"column":8},"end":{"line":181,"column":66}},"20":{"start":{"line":184,"column":8},"end":{"line":184,"column":65}},"21":{"start":{"line":188,"column":29},"end":{"line":204,"column":1}},"22":{"start":{"line":190,"column":8},"end":{"line":190,"column":55}},"23":{"start":{"line":193,"column":8},"end":{"line":193,"column":54}},"24":{"start":{"line":196,"column":8},"end":{"line":196,"column":58}},"25":{"start":{"line":199,"column":8},"end":{"line":199,"column":55}},"26":{"start":{"line":202,"column":8},"end":{"line":202,"column":54}},"27":{"start":{"line":206,"column":34},"end":{"line":222,"column":1}},"28":{"start":{"line":208,"column":8},"end":{"line":208,"column":65}},"29":{"start":{"line":211,"column":8},"end":{"line":211,"column":64}},"30":{"start":{"line":214,"column":8},"end":{"line":214,"column":68}},"31":{"start":{"line":217,"column":8},"end":{"line":217,"column":65}},"32":{"start":{"line":220,"column":8},"end":{"line":220,"column":64}}},"fnMap":{"0":{"name":"(anonymous_0)","decl":{"start":{"line":153,"column":4},"end":{"line":153,"column":5}},"loc":{"start":{"line":153,"column":16},"end":{"line":155,"column":5}},"line":153},"1":{"name":"(anonymous_1)","decl":{"start":{"line":156,"column":4},"end":{"line":156,"column":5}},"loc":{"start":{"line":156,"column":15},"end":{"line":158,"column":5}},"line":156},"2":{"name":"(anonymous_2)","decl":{"start":{"line":159,"column":4},"end":{"line":159,"column":5}},"loc":{"start":{"line":159,"column":19},"end":{"line":161,"column":5}},"line":159},"3":{"name":"(anonymous_3)","decl":{"start":{"line":162,"column":4},"end":{"line":162,"column":5}},"loc":{"start":{"line":162,"column":16},"end":{"line":164,"column":5}},"line":162},"4":{"name":"(anonymous_4)","decl":{"start":{"line":165,"column":4},"end":{"line":165,"column":5}},"loc":{"start":{"line":165,"column":15},"end":{"line":167,"column":5}},"line":165},"5":{"name":"(anonymous_5)","decl":{"start":{"line":171,"column":4},"end":{"line":171,"column":5}},"loc":{"start":{"line":171,"column":16},"end":{"line":173,"column":5}},"line":171},"6":{"name":"(anonymous_6)","decl":{"start":{"line":174,"column":4},"end":{"line":174,"column":5}},"loc":{"start":{"line":174,"column":15},"end":{"line":176,"column":5}},"line":174},"7":{"name":"(anonymous_7)","decl":{"start":{"line":177,"column":4},"end":{"line":177,"column":5}},"loc":{"start":{"line":177,"column":19},"end":{"line":179,"column":5}},"line":177},"8":{"name":"(anonymous_8)","decl":{"start":{"line":180,"column":4},"end":{"line":180,"column":5}},"loc":{"start":{"line":180,"column":16},"end":{"line":182,"column":5}},"line":180},"9":{"name":"(anonymous_9)","decl":{"start":{"line":183,"column":4},"end":{"line":183,"column":5}},"loc":{"start":{"line":183,"column":15},"end":{"line":185,"column":5}},"line":183},"10":{"name":"(anonymous_10)","decl":{"start":{"line":189,"column":4},"end":{"line":189,"column":5}},"loc":{"start":{"line":189,"column":16},"end":{"line":191,"column":5}},"line":189},"11":{"name":"(anonymous_11)","decl":{"start":{"line":192,"column":4},"end":{"line":192,"column":5}},"loc":{"start":{"line":192,"column":15},"end":{"line":194,"column":5}},"line":192},"12":{"name":"(anonymous_12)","decl":{"start":{"line":195,"column":4},"end":{"line":195,"column":5}},"loc":{"start":{"line":195,"column":19},"end":{"line":197,"column":5}},"line":195},"13":{"name":"(anonymous_13)","decl":{"start":{"line":198,"column":4},"end":{"line":198,"column":5}},"loc":{"start":{"line":198,"column":16},"end":{"line":200,"column":5}},"line":198},"14":{"name":"(anonymous_14)","decl":{"start":{"line":201,"column":4},"end":{"line":201,"column":5}},"loc":{"start":{"line":201,"column":15},"end":{"line":203,"column":5}},"line":201},"15":{"name":"(anonymous_15)","decl":{"start":{"line":207,"column":4},"end":{"line":207,"column":5}},"loc":{"start":{"line":207,"column":16},"end":{"line":209,"column":5}},"line":207},"16":{"name":"(anonymous_16)","decl":{"start":{"line":210,"column":4},"end":{"line":210,"column":5}},"loc":{"start":{"line":210,"column":15},"end":{"line":212,"column":5}},"line":210},"17":{"name":"(anonymous_17)","decl":{"start":{"line":213,"column":4},"end":{"line":213,"column":5}},"loc":{"start":{"line":213,"column":19},"end":{"line":215,"column":5}},"line":213},"18":{"name":"(anonymous_18)","decl":{"start":{"line":216,"column":4},"end":{"line":216,"column":5}},"loc":{"start":{"line":216,"column":16},"end":{"line":218,"column":5}},"line":216},"19":{"name":"(anonymous_19)","decl":{"start":{"line":219,"column":4},"end":{"line":219,"column":5}},"loc":{"start":{"line":219,"column":15},"end":{"line":221,"column":5}},"line":219}},"branchMap":{},"s":{"0":6,"1":6,"2":6,"3":6,"4":6,"5":6,"6":6,"7":6,"8":6,"9":6,"10":1,"11":1,"12":1,"13":1,"14":1,"15":6,"16":1,"17":1,"18":1,"19":1,"20":1,"21":6,"22":1,"23":1,"24":1,"25":1,"26":1,"27":6,"28":9,"29":9,"30":9,"31":9,"32":9},"f":{"0":1,"1":1,"2":1,"3":1,"4":1,"5":1,"6":1,"7":1,"8":1,"9":1,"10":1,"11":1,"12":1,"13":1,"14":1,"15":9,"16":9,"17":9,"18":9,"19":9},"b":{},"_coverageSchema":"1a1c01bbd47fc00a2c39e90264f33305004495a9","hash":"536023855014e6e5dd55481c67944cace81dc70e"}
,"/home/rolo/Personal/Proyecto-Cenfotec/Proyecto1/Front-End/assets/js/main.js": {"path":"/home/rolo/Personal/Proyecto-Cenfotec/Proyecto1/Front-End/assets/js/main.js","statementMap":{"0":{"start":{"line":3,"column":0},"end":{"line":6,"column":3}},"1":{"start":{"line":4,"column":16},"end":{"line":4,"column":25}},"2":{"start":{"line":5,"column":4},"end":{"line":5,"column":15}}},"fnMap":{"0":{"name":"(anonymous_0)","decl":{"start":{"line":3,"column":46},"end":{"line":3,"column":47}},"loc":{"start":{"line":3,"column":52},"end":{"line":6,"column":1}},"line":3}},"branchMap":{},"s":{"0":1,"1":1,"2":1},"f":{"0":1},"b":{},"_coverageSchema":"1a1c01bbd47fc00a2c39e90264f33305004495a9","hash":"bf6f33cf9c8c09f7a905e6127bb95dbd9c0bda2c"}
,"/home/rolo/Personal/Proyecto-Cenfotec/Proyecto1/Front-End/assets/js/classes/App.js": {"path":"/home/rolo/Personal/Proyecto-Cenfotec/Proyecto1/Front-End/assets/js/classes/App.js","statementMap":{"0":{"start":{"line":9,"column":8},"end":{"line":9,"column":51}},"1":{"start":{"line":10,"column":8},"end":{"line":10,"column":70}},"2":{"start":{"line":11,"column":8},"end":{"line":11,"column":67}},"3":{"start":{"line":12,"column":8},"end":{"line":12,"column":64}},"4":{"start":{"line":13,"column":8},"end":{"line":13,"column":76}},"5":{"start":{"line":14,"column":8},"end":{"line":17,"column":10}},"6":{"start":{"line":18,"column":8},"end":{"line":21,"column":10}},"7":{"start":{"line":25,"column":8},"end":{"line":25,"column":35}},"8":{"start":{"line":26,"column":8},"end":{"line":26,"column":36}},"9":{"start":{"line":30,"column":8},"end":{"line":30,"column":71}},"10":{"start":{"line":30,"column":50},"end":{"line":30,"column":69}},"11":{"start":{"line":31,"column":8},"end":{"line":31,"column":73}},"12":{"start":{"line":31,"column":51},"end":{"line":31,"column":71}},"13":{"start":{"line":35,"column":8},"end":{"line":43,"column":9}},"14":{"start":{"line":36,"column":12},"end":{"line":40,"column":13}},"15":{"start":{"line":37,"column":16},"end":{"line":37,"column":68}},"16":{"start":{"line":38,"column":19},"end":{"line":40,"column":13}},"17":{"start":{"line":39,"column":16},"end":{"line":39,"column":67}},"18":{"start":{"line":42,"column":12},"end":{"line":42,"column":68}},"19":{"start":{"line":47,"column":8},"end":{"line":62,"column":9}},"20":{"start":{"line":48,"column":12},"end":{"line":59,"column":13}},"21":{"start":{"line":55,"column":16},"end":{"line":55,"column":35}},"22":{"start":{"line":56,"column":16},"end":{"line":58,"column":17}},"23":{"start":{"line":57,"column":20},"end":{"line":57,"column":55}},"24":{"start":{"line":61,"column":12},"end":{"line":61,"column":52}},"25":{"start":{"line":66,"column":8},"end":{"line":66,"column":61}},"26":{"start":{"line":67,"column":8},"end":{"line":67,"column":62}},"27":{"start":{"line":68,"column":8},"end":{"line":68,"column":55}},"28":{"start":{"line":69,"column":8},"end":{"line":69,"column":58}}},"fnMap":{"0":{"name":"(anonymous_0)","decl":{"start":{"line":8,"column":4},"end":{"line":8,"column":5}},"loc":{"start":{"line":8,"column":18},"end":{"line":22,"column":5}},"line":8},"1":{"name":"(anonymous_1)","decl":{"start":{"line":24,"column":4},"end":{"line":24,"column":5}},"loc":{"start":{"line":24,"column":11},"end":{"line":27,"column":5}},"line":24},"2":{"name":"(anonymous_2)","decl":{"start":{"line":29,"column":4},"end":{"line":29,"column":5}},"loc":{"start":{"line":29,"column":26},"end":{"line":32,"column":5}},"line":29},"3":{"name":"(anonymous_3)","decl":{"start":{"line":30,"column":43},"end":{"line":30,"column":44}},"loc":{"start":{"line":30,"column":50},"end":{"line":30,"column":69}},"line":30},"4":{"name":"(anonymous_4)","decl":{"start":{"line":31,"column":44},"end":{"line":31,"column":45}},"loc":{"start":{"line":31,"column":51},"end":{"line":31,"column":71}},"line":31},"5":{"name":"(anonymous_5)","decl":{"start":{"line":34,"column":4},"end":{"line":34,"column":5}},"loc":{"start":{"line":34,"column":19},"end":{"line":44,"column":5}},"line":34},"6":{"name":"(anonymous_6)","decl":{"start":{"line":46,"column":4},"end":{"line":46,"column":5}},"loc":{"start":{"line":46,"column":20},"end":{"line":63,"column":5}},"line":46},"7":{"name":"(anonymous_7)","decl":{"start":{"line":65,"column":4},"end":{"line":65,"column":5}},"loc":{"start":{"line":65,"column":27},"end":{"line":70,"column":5}},"line":65}},"branchMap":{"0":{"loc":{"start":{"line":36,"column":12},"end":{"line":40,"column":13}},"type":"if","locations":[{"start":{"line":36,"column":12},"end":{"line":40,"column":13}},{"start":{"line":38,"column":19},"end":{"line":40,"column":13}}],"line":36},"1":{"loc":{"start":{"line":38,"column":19},"end":{"line":40,"column":13}},"type":"if","locations":[{"start":{"line":38,"column":19},"end":{"line":40,"column":13}},{"start":{},"end":{}}],"line":38},"2":{"loc":{"start":{"line":48,"column":12},"end":{"line":59,"column":13}},"type":"if","locations":[{"start":{"line":48,"column":12},"end":{"line":59,"column":13}},{"start":{},"end":{}}],"line":48},"3":{"loc":{"start":{"line":56,"column":16},"end":{"line":58,"column":17}},"type":"if","locations":[{"start":{"line":56,"column":16},"end":{"line":58,"column":17}},{"start":{},"end":{}}],"line":56}},"s":{"0":5,"1":5,"2":5,"3":5,"4":5,"5":5,"6":5,"7":5,"8":5,"9":5,"10":5,"11":5,"12":4,"13":5,"14":5,"15":2,"16":3,"17":3,"18":0,"19":4,"20":4,"21":0,"22":0,"23":0,"24":0,"25":5,"26":5,"27":5,"28":5},"f":{"0":5,"1":5,"2":5,"3":5,"4":4,"5":5,"6":4,"7":5},"b":{"0":[2,3],"1":[3,0],"2":[0,4],"3":[0,0]},"_coverageSchema":"1a1c01bbd47fc00a2c39e90264f33305004495a9","hash":"ab782adcd744b74ac211879e52cdbfff7f1be3bf"}
,"/home/rolo/Personal/Proyecto-Cenfotec/Proyecto1/Front-End/assets/js/classes/ContentManager.js": {"path":"/home/rolo/Personal/Proyecto-Cenfotec/Proyecto1/Front-End/assets/js/classes/ContentManager.js","statementMap":{"0":{"start":{"line":15,"column":8},"end":{"line":15,"column":45}},"1":{"start":{"line":16,"column":8},"end":{"line":41,"column":10}},"2":{"start":{"line":43,"column":8},"end":{"line":43,"column":35}},"3":{"start":{"line":47,"column":8},"end":{"line":47,"column":75}},"4":{"start":{"line":47,"column":50},"end":{"line":47,"column":73}},"5":{"start":{"line":51,"column":8},"end":{"line":77,"column":9}},"6":{"start":{"line":52,"column":28},"end":{"line":52,"column":57}},"7":{"start":{"line":53,"column":12},"end":{"line":74,"column":13}},"8":{"start":{"line":54,"column":16},"end":{"line":54,"column":35}},"9":{"start":{"line":55,"column":36},"end":{"line":55,"column":59}},"10":{"start":{"line":56,"column":36},"end":{"line":56,"column":70}},"11":{"start":{"line":58,"column":20},"end":{"line":61,"column":54}},"12":{"start":{"line":63,"column":16},"end":{"line":73,"column":17}},"13":{"start":{"line":64,"column":20},"end":{"line":70,"column":21}},"14":{"start":{"line":65,"column":24},"end":{"line":65,"column":71}},"15":{"start":{"line":67,"column":24},"end":{"line":69,"column":26}},"16":{"start":{"line":72,"column":20},"end":{"line":72,"column":64}},"17":{"start":{"line":76,"column":12},"end":{"line":76,"column":64}},"18":{"start":{"line":82,"column":12},"end":{"line":82,"column":42}},"19":{"start":{"line":83,"column":24},"end":{"line":83,"column":66}},"20":{"start":{"line":83,"column":44},"end":{"line":83,"column":65}},"21":{"start":{"line":85,"column":8},"end":{"line":94,"column":9}},"22":{"start":{"line":86,"column":12},"end":{"line":86,"column":48}},"23":{"start":{"line":87,"column":12},"end":{"line":87,"column":54}},"24":{"start":{"line":88,"column":12},"end":{"line":88,"column":62}},"25":{"start":{"line":89,"column":12},"end":{"line":89,"column":56}},"26":{"start":{"line":90,"column":12},"end":{"line":90,"column":69}},"27":{"start":{"line":91,"column":12},"end":{"line":91,"column":61}},"28":{"start":{"line":93,"column":12},"end":{"line":93,"column":74}},"29":{"start":{"line":98,"column":34},"end":{"line":98,"column":64}},"30":{"start":{"line":99,"column":8},"end":{"line":102,"column":9}},"31":{"start":{"line":100,"column":12},"end":{"line":100,"column":79}},"32":{"start":{"line":101,"column":12},"end":{"line":101,"column":19}},"33":{"start":{"line":104,"column":38},"end":{"line":104,"column":55}},"34":{"start":{"line":105,"column":26},"end":{"line":105,"column":62}},"35":{"start":{"line":106,"column":8},"end":{"line":108,"column":9}},"36":{"start":{"line":107,"column":12},"end":{"line":107,"column":19}},"37":{"start":{"line":110,"column":8},"end":{"line":147,"column":22}},"38":{"start":{"line":112,"column":29},"end":{"line":145,"column":9}}},"fnMap":{"0":{"name":"(anonymous_0)","decl":{"start":{"line":14,"column":4},"end":{"line":14,"column":5}},"loc":{"start":{"line":14,"column":32},"end":{"line":44,"column":5}},"line":14},"1":{"name":"(anonymous_1)","decl":{"start":{"line":46,"column":4},"end":{"line":46,"column":5}},"loc":{"start":{"line":46,"column":26},"end":{"line":48,"column":5}},"line":46},"2":{"name":"(anonymous_2)","decl":{"start":{"line":47,"column":43},"end":{"line":47,"column":44}},"loc":{"start":{"line":47,"column":50},"end":{"line":47,"column":73}},"line":47},"3":{"name":"(anonymous_3)","decl":{"start":{"line":50,"column":4},"end":{"line":50,"column":5}},"loc":{"start":{"line":50,"column":23},"end":{"line":78,"column":5}},"line":50},"4":{"name":"(anonymous_4)","decl":{"start":{"line":80,"column":4},"end":{"line":80,"column":5}},"loc":{"start":{"line":80,"column":46},"end":{"line":95,"column":5}},"line":80},"5":{"name":"(anonymous_5)","decl":{"start":{"line":83,"column":34},"end":{"line":83,"column":35}},"loc":{"start":{"line":83,"column":44},"end":{"line":83,"column":65}},"line":83},"6":{"name":"(anonymous_6)","decl":{"start":{"line":97,"column":4},"end":{"line":97,"column":5}},"loc":{"start":{"line":97,"column":36},"end":{"line":148,"column":5}},"line":97},"7":{"name":"(anonymous_7)","decl":{"start":{"line":112,"column":16},"end":{"line":112,"column":17}},"loc":{"start":{"line":112,"column":29},"end":{"line":145,"column":9}},"line":112}},"branchMap":{"0":{"loc":{"start":{"line":53,"column":12},"end":{"line":74,"column":13}},"type":"if","locations":[{"start":{"line":53,"column":12},"end":{"line":74,"column":13}},{"start":{},"end":{}}],"line":53},"1":{"loc":{"start":{"line":58,"column":20},"end":{"line":61,"column":54}},"type":"binary-expr","locations":[{"start":{"line":58,"column":20},"end":{"line":58,"column":51}},{"start":{"line":59,"column":20},"end":{"line":59,"column":58}},{"start":{"line":60,"column":20},"end":{"line":60,"column":57}},{"start":{"line":61,"column":20},"end":{"line":61,"column":54}}],"line":58},"2":{"loc":{"start":{"line":63,"column":16},"end":{"line":73,"column":17}},"type":"if","locations":[{"start":{"line":63,"column":16},"end":{"line":73,"column":17}},{"start":{"line":71,"column":23},"end":{"line":73,"column":17}}],"line":63},"3":{"loc":{"start":{"line":64,"column":20},"end":{"line":70,"column":21}},"type":"if","locations":[{"start":{"line":64,"column":20},"end":{"line":70,"column":21}},{"start":{"line":66,"column":27},"end":{"line":70,"column":21}}],"line":64},"4":{"loc":{"start":{"line":85,"column":8},"end":{"line":94,"column":9}},"type":"if","locations":[{"start":{"line":85,"column":8},"end":{"line":94,"column":9}},{"start":{"line":92,"column":15},"end":{"line":94,"column":9}}],"line":85},"5":{"loc":{"start":{"line":99,"column":8},"end":{"line":102,"column":9}},"type":"if","locations":[{"start":{"line":99,"column":8},"end":{"line":102,"column":9}},{"start":{},"end":{}}],"line":99},"6":{"loc":{"start":{"line":106,"column":8},"end":{"line":108,"column":9}},"type":"if","locations":[{"start":{"line":106,"column":8},"end":{"line":108,"column":9}},{"start":{},"end":{}}],"line":106}},"s":{"0":14,"1":14,"2":14,"3":14,"4":27,"5":27,"6":27,"7":27,"8":18,"9":18,"10":18,"11":18,"12":18,"13":13,"14":7,"15":6,"16":5,"17":0,"18":9,"19":9,"20":11,"21":9,"22":8,"23":8,"24":8,"25":8,"26":8,"27":8,"28":1,"29":23,"30":23,"31":1,"32":1,"33":22,"34":22,"35":22,"36":5,"37":17,"38":39},"f":{"0":14,"1":14,"2":27,"3":27,"4":9,"5":11,"6":23,"7":39},"b":{"0":[18,9],"1":[18,18,18,5],"2":[13,5],"3":[7,6],"4":[8,1],"5":[1,22],"6":[5,17]},"_coverageSchema":"1a1c01bbd47fc00a2c39e90264f33305004495a9","hash":"45888b21c9577d6bb0bb0430951c8469599e7fc8"}
,"/home/rolo/Personal/Proyecto-Cenfotec/Proyecto1/Front-End/assets/js/classes/FormManager.js": {"path":"/home/rolo/Personal/Proyecto-Cenfotec/Proyecto1/Front-End/assets/js/classes/FormManager.js","statementMap":{"0":{"start":{"line":3,"column":8},"end":{"line":3,"column":29}},"1":{"start":{"line":4,"column":8},"end":{"line":4,"column":52}},"2":{"start":{"line":5,"column":8},"end":{"line":5,"column":29}},"3":{"start":{"line":6,"column":8},"end":{"line":6,"column":20}},"4":{"start":{"line":10,"column":8},"end":{"line":13,"column":9}},"5":{"start":{"line":11,"column":12},"end":{"line":11,"column":55}},"6":{"start":{"line":12,"column":12},"end":{"line":12,"column":78}},"7":{"start":{"line":12,"column":56},"end":{"line":12,"column":76}},"8":{"start":{"line":17,"column":8},"end":{"line":17,"column":31}},"9":{"start":{"line":19,"column":25},"end":{"line":19,"column":43}},"10":{"start":{"line":20,"column":8},"end":{"line":22,"column":9}},"11":{"start":{"line":21,"column":12},"end":{"line":21,"column":50}},"12":{"start":{"line":26,"column":25},"end":{"line":26,"column":27}},"13":{"start":{"line":27,"column":8},"end":{"line":31,"column":11}},"14":{"start":{"line":28,"column":12},"end":{"line":30,"column":30}},"15":{"start":{"line":32,"column":8},"end":{"line":36,"column":9}},"16":{"start":{"line":33,"column":12},"end":{"line":35,"column":23}},"17":{"start":{"line":37,"column":8},"end":{"line":37,"column":24}},"18":{"start":{"line":41,"column":8},"end":{"line":52,"column":9}},"19":{"start":{"line":42,"column":12},"end":{"line":51,"column":13}},"20":{"start":{"line":43,"column":16},"end":{"line":49,"column":19}},"21":{"start":{"line":50,"column":16},"end":{"line":50,"column":29}},"22":{"start":{"line":53,"column":8},"end":{"line":53,"column":20}},"23":{"start":{"line":57,"column":8},"end":{"line":70,"column":11}},"24":{"start":{"line":67,"column":12},"end":{"line":69,"column":13}},"25":{"start":{"line":68,"column":16},"end":{"line":68,"column":49}},"26":{"start":{"line":74,"column":8},"end":{"line":76,"column":9}},"27":{"start":{"line":75,"column":12},"end":{"line":75,"column":44}},"28":{"start":{"line":78,"column":8},"end":{"line":84,"column":11}},"29":{"start":{"line":86,"column":8},"end":{"line":86,"column":26}}},"fnMap":{"0":{"name":"(anonymous_0)","decl":{"start":{"line":2,"column":4},"end":{"line":2,"column":5}},"loc":{"start":{"line":2,"column":32},"end":{"line":7,"column":5}},"line":2},"1":{"name":"(anonymous_1)","decl":{"start":{"line":9,"column":4},"end":{"line":9,"column":5}},"loc":{"start":{"line":9,"column":11},"end":{"line":14,"column":5}},"line":9},"2":{"name":"(anonymous_2)","decl":{"start":{"line":12,"column":49},"end":{"line":12,"column":50}},"loc":{"start":{"line":12,"column":56},"end":{"line":12,"column":76}},"line":12},"3":{"name":"(anonymous_3)","decl":{"start":{"line":16,"column":4},"end":{"line":16,"column":5}},"loc":{"start":{"line":16,"column":24},"end":{"line":23,"column":5}},"line":16},"4":{"name":"(anonymous_4)","decl":{"start":{"line":25,"column":4},"end":{"line":25,"column":5}},"loc":{"start":{"line":25,"column":18},"end":{"line":38,"column":5}},"line":25},"5":{"name":"(anonymous_5)","decl":{"start":{"line":27,"column":35},"end":{"line":27,"column":36}},"loc":{"start":{"line":27,"column":46},"end":{"line":31,"column":9}},"line":27},"6":{"name":"(anonymous_6)","decl":{"start":{"line":40,"column":4},"end":{"line":40,"column":5}},"loc":{"start":{"line":40,"column":27},"end":{"line":54,"column":5}},"line":40},"7":{"name":"(anonymous_7)","decl":{"start":{"line":56,"column":4},"end":{"line":56,"column":5}},"loc":{"start":{"line":56,"column":37},"end":{"line":71,"column":5}},"line":56},"8":{"name":"(anonymous_8)","decl":{"start":{"line":66,"column":16},"end":{"line":66,"column":17}},"loc":{"start":{"line":66,"column":28},"end":{"line":70,"column":9}},"line":66},"9":{"name":"(anonymous_9)","decl":{"start":{"line":73,"column":4},"end":{"line":73,"column":5}},"loc":{"start":{"line":73,"column":32},"end":{"line":87,"column":5}},"line":73}},"branchMap":{"0":{"loc":{"start":{"line":10,"column":8},"end":{"line":13,"column":9}},"type":"if","locations":[{"start":{"line":10,"column":8},"end":{"line":13,"column":9}},{"start":{},"end":{}}],"line":10},"1":{"loc":{"start":{"line":20,"column":8},"end":{"line":22,"column":9}},"type":"if","locations":[{"start":{"line":20,"column":8},"end":{"line":22,"column":9}},{"start":{},"end":{}}],"line":20},"2":{"loc":{"start":{"line":32,"column":8},"end":{"line":36,"column":9}},"type":"if","locations":[{"start":{"line":32,"column":8},"end":{"line":36,"column":9}},{"start":{},"end":{}}],"line":32},"3":{"loc":{"start":{"line":42,"column":12},"end":{"line":51,"column":13}},"type":"if","locations":[{"start":{"line":42,"column":12},"end":{"line":51,"column":13}},{"start":{},"end":{}}],"line":42},"4":{"loc":{"start":{"line":47,"column":24},"end":{"line":48,"column":69}},"type":"binary-expr","locations":[{"start":{"line":47,"column":24},"end":{"line":47,"column":42}},{"start":{"line":48,"column":24},"end":{"line":48,"column":69}}],"line":47},"5":{"loc":{"start":{"line":60,"column":16},"end":{"line":61,"column":49}},"type":"binary-expr","locations":[{"start":{"line":60,"column":16},"end":{"line":60,"column":44}},{"start":{"line":61,"column":16},"end":{"line":61,"column":49}}],"line":60},"6":{"loc":{"start":{"line":67,"column":12},"end":{"line":69,"column":13}},"type":"if","locations":[{"start":{"line":67,"column":12},"end":{"line":69,"column":13}},{"start":{},"end":{}}],"line":67},"7":{"loc":{"start":{"line":74,"column":8},"end":{"line":76,"column":9}},"type":"if","locations":[{"start":{"line":74,"column":8},"end":{"line":76,"column":9}},{"start":{},"end":{}}],"line":74},"8":{"loc":{"start":{"line":80,"column":19},"end":{"line":80,"column":56}},"type":"binary-expr","locations":[{"start":{"line":80,"column":19},"end":{"line":80,"column":43}},{"start":{"line":80,"column":47},"end":{"line":80,"column":56}}],"line":80},"9":{"loc":{"start":{"line":82,"column":16},"end":{"line":83,"column":60}},"type":"binary-expr","locations":[{"start":{"line":82,"column":16},"end":{"line":82,"column":39}},{"start":{"line":83,"column":16},"end":{"line":83,"column":60}}],"line":82}},"s":{"0":33,"1":33,"2":33,"3":33,"4":33,"5":28,"6":28,"7":9,"8":9,"9":9,"10":9,"11":6,"12":9,"13":9,"14":23,"15":9,"16":7,"17":9,"18":9,"19":17,"20":3,"21":3,"22":6,"23":6,"24":6,"25":6,"26":6,"27":5,"28":6,"29":6},"f":{"0":33,"1":33,"2":9,"3":9,"4":9,"5":23,"6":9,"7":6,"8":6,"9":6},"b":{"0":[28,5],"1":[6,3],"2":[7,2],"3":[3,14],"4":[3,0],"5":[6,1],"6":[6,0],"7":[5,1],"8":[6,1],"9":[6,1]},"_coverageSchema":"1a1c01bbd47fc00a2c39e90264f33305004495a9","hash":"340823b89477bce65e96a58808b2026f875ea246"}
,"/home/rolo/Personal/Proyecto-Cenfotec/Proyecto1/Front-End/assets/js/classes/SectionManager.js": {"path":"/home/rolo/Personal/Proyecto-Cenfotec/Proyecto1/Front-End/assets/js/classes/SectionManager.js","statementMap":{"0":{"start":{"line":3,"column":8},"end":{"line":15,"column":9}},"1":{"start":{"line":4,"column":28},"end":{"line":4,"column":62}},"2":{"start":{"line":5,"column":12},"end":{"line":12,"column":13}},"3":{"start":{"line":6,"column":36},"end":{"line":6,"column":79}},"4":{"start":{"line":7,"column":16},"end":{"line":9,"column":19}},"5":{"start":{"line":8,"column":20},"end":{"line":8,"column":70}},"6":{"start":{"line":11,"column":16},"end":{"line":11,"column":78}},"7":{"start":{"line":14,"column":12},"end":{"line":14,"column":64}}},"fnMap":{"0":{"name":"(anonymous_0)","decl":{"start":{"line":2,"column":4},"end":{"line":2,"column":5}},"loc":{"start":{"line":2,"column":27},"end":{"line":16,"column":5}},"line":2},"1":{"name":"(anonymous_1)","decl":{"start":{"line":7,"column":36},"end":{"line":7,"column":37}},"loc":{"start":{"line":7,"column":43},"end":{"line":9,"column":17}},"line":7}},"branchMap":{"0":{"loc":{"start":{"line":5,"column":12},"end":{"line":12,"column":13}},"type":"if","locations":[{"start":{"line":5,"column":12},"end":{"line":12,"column":13}},{"start":{"line":10,"column":19},"end":{"line":12,"column":13}}],"line":5},"1":{"loc":{"start":{"line":8,"column":38},"end":{"line":8,"column":69}},"type":"cond-expr","locations":[{"start":{"line":8,"column":54},"end":{"line":8,"column":60}},{"start":{"line":8,"column":63},"end":{"line":8,"column":69}}],"line":8}},"s":{"0":15,"1":15,"2":15,"3":6,"4":6,"5":2,"6":9,"7":0},"f":{"0":15,"1":2},"b":{"0":[6,9],"1":[1,1]},"_coverageSchema":"1a1c01bbd47fc00a2c39e90264f33305004495a9","hash":"eb13f50290efa2fff7ff66ab2380261cafe56591"}
,"/home/rolo/Personal/Proyecto-Cenfotec/Proyecto1/Front-End/assets/js/forms/CommentForm.js": {"path":"/home/rolo/Personal/Proyecto-Cenfotec/Proyecto1/Front-End/assets/js/forms/CommentForm.js","statementMap":{"0":{"start":{"line":5,"column":23},"end":{"line":35,"column":9}},"1":{"start":{"line":17,"column":16},"end":{"line":33,"column":17}},"2":{"start":{"line":18,"column":39},"end":{"line":24,"column":21}},"3":{"start":{"line":25,"column":20},"end":{"line":25,"column":66}},"4":{"start":{"line":27,"column":20},"end":{"line":27,"column":77}},"5":{"start":{"line":28,"column":20},"end":{"line":32,"column":23}},"6":{"start":{"line":37,"column":8},"end":{"line":37,"column":30}},"7":{"start":{"line":38,"column":8},"end":{"line":38,"column":39}},"8":{"start":{"line":42,"column":27},"end":{"line":42,"column":56}},"9":{"start":{"line":43,"column":8},"end":{"line":43,"column":41}},"10":{"start":{"line":44,"column":8},"end":{"line":54,"column":10}},"11":{"start":{"line":56,"column":34},"end":{"line":56,"column":70}},"12":{"start":{"line":57,"column":8},"end":{"line":63,"column":9}},"13":{"start":{"line":58,"column":12},"end":{"line":58,"column":50}},"14":{"start":{"line":60,"column":12},"end":{"line":62,"column":14}}},"fnMap":{"0":{"name":"(anonymous_0)","decl":{"start":{"line":4,"column":4},"end":{"line":4,"column":5}},"loc":{"start":{"line":4,"column":37},"end":{"line":39,"column":5}},"line":4},"1":{"name":"(anonymous_1)","decl":{"start":{"line":16,"column":23},"end":{"line":16,"column":24}},"loc":{"start":{"line":16,"column":37},"end":{"line":34,"column":13}},"line":16},"2":{"name":"(anonymous_2)","decl":{"start":{"line":41,"column":4},"end":{"line":41,"column":5}},"loc":{"start":{"line":41,"column":42},"end":{"line":64,"column":5}},"line":41}},"branchMap":{"0":{"loc":{"start":{"line":57,"column":8},"end":{"line":63,"column":9}},"type":"if","locations":[{"start":{"line":57,"column":8},"end":{"line":63,"column":9}},{"start":{"line":59,"column":15},"end":{"line":63,"column":9}}],"line":57}},"s":{"0":16,"1":1,"2":1,"3":1,"4":0,"5":0,"6":16,"7":16,"8":1,"9":1,"10":1,"11":1,"12":1,"13":1,"14":0},"f":{"0":16,"1":1,"2":1},"b":{"0":[1,0]},"_coverageSchema":"1a1c01bbd47fc00a2c39e90264f33305004495a9","hash":"d26f08995385bc777be1c4652f988062b4fc19ca"}
,"/home/rolo/Personal/Proyecto-Cenfotec/Proyecto1/Front-End/assets/js/forms/ComplaintForm.js": {"path":"/home/rolo/Personal/Proyecto-Cenfotec/Proyecto1/Front-End/assets/js/forms/ComplaintForm.js","statementMap":{"0":{"start":{"line":6,"column":23},"end":{"line":63,"column":9}},"1":{"start":{"line":34,"column":37},"end":{"line":49,"column":17}},"2":{"start":{"line":35,"column":38},"end":{"line":47,"column":21}},"3":{"start":{"line":48,"column":20},"end":{"line":48,"column":50}},"4":{"start":{"line":51,"column":16},"end":{"line":61,"column":17}},"5":{"start":{"line":52,"column":35},"end":{"line":52,"column":51}},"6":{"start":{"line":53,"column":20},"end":{"line":56,"column":22}},"7":{"start":{"line":54,"column":41},"end":{"line":54,"column":56}},"8":{"start":{"line":55,"column":24},"end":{"line":55,"column":47}},"9":{"start":{"line":57,"column":20},"end":{"line":57,"column":57}},"10":{"start":{"line":59,"column":37},"end":{"line":59,"column":74}},"11":{"start":{"line":60,"column":20},"end":{"line":60,"column":43}},"12":{"start":{"line":65,"column":8},"end":{"line":65,"column":30}}},"fnMap":{"0":{"name":"(anonymous_0)","decl":{"start":{"line":5,"column":4},"end":{"line":5,"column":5}},"loc":{"start":{"line":5,"column":24},"end":{"line":66,"column":5}},"line":5},"1":{"name":"(anonymous_1)","decl":{"start":{"line":33,"column":23},"end":{"line":33,"column":24}},"loc":{"start":{"line":33,"column":37},"end":{"line":62,"column":13}},"line":33},"2":{"name":"(anonymous_2)","decl":{"start":{"line":34,"column":37},"end":{"line":34,"column":38}},"loc":{"start":{"line":34,"column":51},"end":{"line":49,"column":17}},"line":34},"3":{"name":"(anonymous_3)","decl":{"start":{"line":53,"column":36},"end":{"line":53,"column":37}},"loc":{"start":{"line":53,"column":43},"end":{"line":56,"column":21}},"line":53}},"branchMap":{"0":{"loc":{"start":{"line":51,"column":16},"end":{"line":61,"column":17}},"type":"if","locations":[{"start":{"line":51,"column":16},"end":{"line":61,"column":17}},{"start":{"line":58,"column":23},"end":{"line":61,"column":17}}],"line":51}},"s":{"0":8,"1":2,"2":2,"3":2,"4":2,"5":1,"6":1,"7":1,"8":1,"9":1,"10":1,"11":1,"12":8},"f":{"0":8,"1":2,"2":2,"3":1},"b":{"0":[1,1]},"_coverageSchema":"1a1c01bbd47fc00a2c39e90264f33305004495a9","hash":"589d9a30bab73546d549981ab5d5e7afdf00c43b"}
,"/home/rolo/Personal/Proyecto-Cenfotec/Proyecto1/Front-End/assets/js/forms/InitiativeForm.js": {"path":"/home/rolo/Personal/Proyecto-Cenfotec/Proyecto1/Front-End/assets/js/forms/InitiativeForm.js","statementMap":{"0":{"start":{"line":6,"column":23},"end":{"line":63,"column":9}},"1":{"start":{"line":34,"column":38},"end":{"line":49,"column":17}},"2":{"start":{"line":35,"column":39},"end":{"line":47,"column":21}},"3":{"start":{"line":48,"column":20},"end":{"line":48,"column":52}},"4":{"start":{"line":51,"column":16},"end":{"line":61,"column":17}},"5":{"start":{"line":52,"column":35},"end":{"line":52,"column":51}},"6":{"start":{"line":53,"column":20},"end":{"line":56,"column":22}},"7":{"start":{"line":54,"column":41},"end":{"line":54,"column":56}},"8":{"start":{"line":55,"column":24},"end":{"line":55,"column":48}},"9":{"start":{"line":57,"column":20},"end":{"line":57,"column":57}},"10":{"start":{"line":59,"column":37},"end":{"line":59,"column":79}},"11":{"start":{"line":60,"column":20},"end":{"line":60,"column":44}},"12":{"start":{"line":65,"column":8},"end":{"line":65,"column":30}}},"fnMap":{"0":{"name":"(anonymous_0)","decl":{"start":{"line":5,"column":4},"end":{"line":5,"column":5}},"loc":{"start":{"line":5,"column":24},"end":{"line":66,"column":5}},"line":5},"1":{"name":"(anonymous_1)","decl":{"start":{"line":33,"column":23},"end":{"line":33,"column":24}},"loc":{"start":{"line":33,"column":37},"end":{"line":62,"column":13}},"line":33},"2":{"name":"(anonymous_2)","decl":{"start":{"line":34,"column":38},"end":{"line":34,"column":39}},"loc":{"start":{"line":34,"column":52},"end":{"line":49,"column":17}},"line":34},"3":{"name":"(anonymous_3)","decl":{"start":{"line":53,"column":36},"end":{"line":53,"column":37}},"loc":{"start":{"line":53,"column":43},"end":{"line":56,"column":21}},"line":53}},"branchMap":{"0":{"loc":{"start":{"line":51,"column":16},"end":{"line":61,"column":17}},"type":"if","locations":[{"start":{"line":51,"column":16},"end":{"line":61,"column":17}},{"start":{"line":58,"column":23},"end":{"line":61,"column":17}}],"line":51}},"s":{"0":8,"1":2,"2":2,"3":2,"4":2,"5":1,"6":1,"7":1,"8":1,"9":1,"10":1,"11":1,"12":8},"f":{"0":8,"1":2,"2":2,"3":1},"b":{"0":[1,1]},"_coverageSchema":"1a1c01bbd47fc00a2c39e90264f33305004495a9","hash":"4b5223aa43a0b06d77818b53fe7a0a1788ca7c0c"}
,"/home/rolo/Personal/Proyecto-Cenfotec/Proyecto1/Front-End/assets/js/utils/prettify.js": {"path":"/home/rolo/Personal/Proyecto-Cenfotec/Proyecto1/Front-End/assets/js/utils/prettify.js","statementMap":{"0":{"start":{"line":1,"column":28},"end":{"line":14,"column":1}},"1":{"start":{"line":2,"column":23},"end":{"line":6,"column":17}},"2":{"start":{"line":4,"column":23},"end":{"line":4,"column":42}},"3":{"start":{"line":5,"column":20},"end":{"line":5,"column":40}},"4":{"start":{"line":8,"column":26},"end":{"line":11,"column":5}},"5":{"start":{"line":13,"column":4},"end":{"line":13,"column":25}}},"fnMap":{"0":{"name":"(anonymous_0)","decl":{"start":{"line":1,"column":28},"end":{"line":1,"column":29}},"loc":{"start":{"line":1,"column":41},"end":{"line":14,"column":1}},"line":1},"1":{"name":"(anonymous_1)","decl":{"start":{"line":4,"column":16},"end":{"line":4,"column":17}},"loc":{"start":{"line":4,"column":23},"end":{"line":4,"column":42}},"line":4},"2":{"name":"(anonymous_2)","decl":{"start":{"line":5,"column":13},"end":{"line":5,"column":14}},"loc":{"start":{"line":5,"column":20},"end":{"line":5,"column":40}},"line":5}},"branchMap":{},"s":{"0":4,"1":10,"2":69,"3":28,"4":10,"5":10},"f":{"0":10,"1":69,"2":28},"b":{},"_coverageSchema":"1a1c01bbd47fc00a2c39e90264f33305004495a9","hash":"92abc09914e2f447ea14e4818352dbfd3d6745dc"}
}
