TN:
SF:assets/js/constants.js
FN:153,(anonymous_0)
FN:156,(anonymous_1)
FN:159,(anonymous_2)
FN:162,(anonymous_3)
FN:165,(anonymous_4)
FN:171,(anonymous_5)
FN:174,(anonymous_6)
FN:177,(anonymous_7)
FN:180,(anonymous_8)
FN:183,(anonymous_9)
FN:189,(anonymous_10)
FN:192,(anonymous_11)
FN:195,(anonymous_12)
FN:198,(anonymous_13)
FN:201,(anonymous_14)
FN:207,(anonymous_15)
FN:210,(anonymous_16)
FN:213,(anonymous_17)
FN:216,(anonymous_18)
FN:219,(anonymous_19)
FNF:20
FNH:20
FNDA:1,(anonymous_0)
FNDA:1,(anonymous_1)
FNDA:1,(anonymous_2)
FNDA:1,(anonymous_3)
FNDA:1,(anonymous_4)
FNDA:1,(anonymous_5)
FNDA:1,(anonymous_6)
FNDA:1,(anonymous_7)
FNDA:1,(anonymous_8)
FNDA:1,(anonymous_9)
FNDA:1,(anonymous_10)
FNDA:1,(anonymous_11)
FNDA:1,(anonymous_12)
FNDA:1,(anonymous_13)
FNDA:1,(anonymous_14)
FNDA:9,(anonymous_15)
FNDA:9,(anonymous_16)
FNDA:9,(anonymous_17)
FNDA:9,(anonymous_18)
FNDA:9,(anonymous_19)
DA:1,6
DA:11,6
DA:22,6
DA:32,6
DA:41,6
DA:55,6
DA:76,6
DA:97,6
DA:129,6
DA:152,6
DA:154,1
DA:157,1
DA:160,1
DA:163,1
DA:166,1
DA:170,6
DA:172,1
DA:175,1
DA:178,1
DA:181,1
DA:184,1
DA:188,6
DA:190,1
DA:193,1
DA:196,1
DA:199,1
DA:202,1
DA:206,6
DA:208,9
DA:211,9
DA:214,9
DA:217,9
DA:220,9
LF:33
LH:33
BRF:0
BRH:0
end_of_record
TN:
SF:assets/js/main.js
FN:3,(anonymous_0)
FNF:1
FNH:1
FNDA:1,(anonymous_0)
DA:3,1
DA:4,1
DA:5,1
LF:3
LH:3
BRF:0
BRH:0
end_of_record
TN:
SF:assets/js/classes/App.js
FN:8,(anonymous_0)
FN:24,(anonymous_1)
FN:29,(anonymous_2)
FN:30,(anonymous_3)
FN:31,(anonymous_4)
FN:34,(anonymous_5)
FN:46,(anonymous_6)
FN:65,(anonymous_7)
FNF:8
FNH:8
FNDA:5,(anonymous_0)
FNDA:5,(anonymous_1)
FNDA:5,(anonymous_2)
FNDA:5,(anonymous_3)
FNDA:4,(anonymous_4)
FNDA:5,(anonymous_5)
FNDA:4,(anonymous_6)
FNDA:5,(anonymous_7)
DA:9,5
DA:10,5
DA:11,5
DA:12,5
DA:13,5
DA:14,5
DA:18,5
DA:25,5
DA:26,5
DA:30,5
DA:31,5
DA:35,5
DA:36,5
DA:37,2
DA:38,3
DA:39,3
DA:42,0
DA:47,4
DA:48,4
DA:55,0
DA:56,0
DA:57,0
DA:61,0
DA:66,5
DA:67,5
DA:68,5
DA:69,5
LF:27
LH:22
BRDA:36,0,0,2
BRDA:36,0,1,3
BRDA:38,1,0,3
BRDA:38,1,1,0
BRDA:48,2,0,0
BRDA:48,2,1,4
BRDA:56,3,0,0
BRDA:56,3,1,0
BRF:8
BRH:4
end_of_record
TN:
SF:assets/js/classes/ContentManager.js
FN:14,(anonymous_0)
FN:46,(anonymous_1)
FN:47,(anonymous_2)
FN:50,(anonymous_3)
FN:80,(anonymous_4)
FN:83,(anonymous_5)
FN:97,(anonymous_6)
FN:112,(anonymous_7)
FNF:8
FNH:8
FNDA:14,(anonymous_0)
FNDA:14,(anonymous_1)
FNDA:27,(anonymous_2)
FNDA:27,(anonymous_3)
FNDA:9,(anonymous_4)
FNDA:11,(anonymous_5)
FNDA:23,(anonymous_6)
FNDA:39,(anonymous_7)
DA:15,14
DA:16,14
DA:43,14
DA:47,27
DA:51,27
DA:52,27
DA:53,27
DA:54,18
DA:55,18
DA:56,18
DA:58,18
DA:63,18
DA:64,13
DA:65,7
DA:67,6
DA:72,5
DA:76,0
DA:82,9
DA:83,11
DA:85,9
DA:86,8
DA:87,8
DA:88,8
DA:89,8
DA:90,8
DA:91,8
DA:93,1
DA:98,23
DA:99,23
DA:100,1
DA:101,1
DA:104,22
DA:105,22
DA:106,22
DA:107,5
DA:110,17
DA:112,39
LF:37
LH:36
BRDA:53,0,0,18
BRDA:53,0,1,9
BRDA:58,1,0,18
BRDA:58,1,1,18
BRDA:58,1,2,18
BRDA:58,1,3,5
BRDA:63,2,0,13
BRDA:63,2,1,5
BRDA:64,3,0,7
BRDA:64,3,1,6
BRDA:85,4,0,8
BRDA:85,4,1,1
BRDA:99,5,0,1
BRDA:99,5,1,22
BRDA:106,6,0,5
BRDA:106,6,1,17
BRF:16
BRH:16
end_of_record
TN:
SF:assets/js/classes/FormManager.js
FN:2,(anonymous_0)
FN:9,(anonymous_1)
FN:12,(anonymous_2)
FN:16,(anonymous_3)
FN:25,(anonymous_4)
FN:27,(anonymous_5)
FN:40,(anonymous_6)
FN:56,(anonymous_7)
FN:66,(anonymous_8)
FN:73,(anonymous_9)
FNF:10
FNH:10
FNDA:33,(anonymous_0)
FNDA:33,(anonymous_1)
FNDA:9,(anonymous_2)
FNDA:9,(anonymous_3)
FNDA:9,(anonymous_4)
FNDA:23,(anonymous_5)
FNDA:9,(anonymous_6)
FNDA:6,(anonymous_7)
FNDA:6,(anonymous_8)
FNDA:6,(anonymous_9)
DA:3,33
DA:4,33
DA:5,33
DA:6,33
DA:10,33
DA:11,28
DA:12,28
DA:17,9
DA:19,9
DA:20,9
DA:21,6
DA:26,9
DA:27,9
DA:28,23
DA:32,9
DA:33,7
DA:37,9
DA:41,9
DA:42,17
DA:43,3
DA:50,3
DA:53,6
DA:57,6
DA:67,6
DA:68,6
DA:74,6
DA:75,5
DA:78,6
DA:86,6
LF:29
LH:29
BRDA:10,0,0,28
BRDA:10,0,1,5
BRDA:20,1,0,6
BRDA:20,1,1,3
BRDA:32,2,0,7
BRDA:32,2,1,2
BRDA:42,3,0,3
BRDA:42,3,1,14
BRDA:47,4,0,3
BRDA:47,4,1,0
BRDA:60,5,0,6
BRDA:60,5,1,1
BRDA:67,6,0,6
BRDA:67,6,1,0
BRDA:74,7,0,5
BRDA:74,7,1,1
BRDA:80,8,0,6
BRDA:80,8,1,1
BRDA:82,9,0,6
BRDA:82,9,1,1
BRF:20
BRH:18
end_of_record
TN:
SF:assets/js/classes/SectionManager.js
FN:2,(anonymous_0)
FN:7,(anonymous_1)
FNF:2
FNH:2
FNDA:15,(anonymous_0)
FNDA:2,(anonymous_1)
DA:3,15
DA:4,15
DA:5,15
DA:6,6
DA:7,6
DA:8,2
DA:11,9
DA:14,0
LF:8
LH:7
BRDA:5,0,0,6
BRDA:5,0,1,9
BRDA:8,1,0,1
BRDA:8,1,1,1
BRF:4
BRH:4
end_of_record
TN:
SF:assets/js/forms/CommentForm.js
FN:4,(anonymous_0)
FN:16,(anonymous_1)
FN:41,(anonymous_2)
FNF:3
FNH:3
FNDA:16,(anonymous_0)
FNDA:1,(anonymous_1)
FNDA:1,(anonymous_2)
DA:5,16
DA:17,1
DA:18,1
DA:25,1
DA:27,0
DA:28,0
DA:37,16
DA:38,16
DA:42,1
DA:43,1
DA:44,1
DA:56,1
DA:57,1
DA:58,1
DA:60,0
LF:15
LH:12
BRDA:57,0,0,1
BRDA:57,0,1,0
BRF:2
BRH:1
end_of_record
TN:
SF:assets/js/forms/ComplaintForm.js
FN:5,(anonymous_0)
FN:33,(anonymous_1)
FN:34,(anonymous_2)
FN:53,(anonymous_3)
FNF:4
FNH:4
FNDA:8,(anonymous_0)
FNDA:2,(anonymous_1)
FNDA:2,(anonymous_2)
FNDA:1,(anonymous_3)
DA:6,8
DA:34,2
DA:35,2
DA:48,2
DA:51,2
DA:52,1
DA:53,1
DA:54,1
DA:55,1
DA:57,1
DA:59,1
DA:60,1
DA:65,8
LF:13
LH:13
BRDA:51,0,0,1
BRDA:51,0,1,1
BRF:2
BRH:2
end_of_record
TN:
SF:assets/js/forms/InitiativeForm.js
FN:5,(anonymous_0)
FN:33,(anonymous_1)
FN:34,(anonymous_2)
FN:53,(anonymous_3)
FNF:4
FNH:4
FNDA:8,(anonymous_0)
FNDA:2,(anonymous_1)
FNDA:2,(anonymous_2)
FNDA:1,(anonymous_3)
DA:6,8
DA:34,2
DA:35,2
DA:48,2
DA:51,2
DA:52,1
DA:53,1
DA:54,1
DA:55,1
DA:57,1
DA:59,1
DA:60,1
DA:65,8
LF:13
LH:13
BRDA:51,0,0,1
BRDA:51,0,1,1
BRF:2
BRH:2
end_of_record
TN:
SF:assets/js/utils/prettify.js
FN:1,(anonymous_0)
FN:4,(anonymous_1)
FN:5,(anonymous_2)
FNF:3
FNH:3
FNDA:10,(anonymous_0)
FNDA:69,(anonymous_1)
FNDA:28,(anonymous_2)
DA:1,4
DA:2,10
DA:4,69
DA:5,28
DA:8,10
DA:13,10
LF:6
LH:6
BRF:0
BRH:0
end_of_record
